[debug] [2021-06-12T14:58:09.219Z] ----------------------------------------------------------------------
[debug] [2021-06-12T14:58:09.223Z] Command:       C:\Program Files\nodejs\node.exe C:\Users\USER\AppData\Roaming\npm\node_modules\firebase-tools\lib\bin\firebase.js init
[debug] [2021-06-12T14:58:09.223Z] CLI Version:   9.10.2
[debug] [2021-06-12T14:58:09.223Z] Platform:      win32
[debug] [2021-06-12T14:58:09.223Z] Node Version:  v14.17.0
[debug] [2021-06-12T14:58:09.225Z] Time:          Sat Jun 12 2021 17:58:09 GMT+0300 (Eastern European Summer Time)
[debug] [2021-06-12T14:58:09.225Z] ----------------------------------------------------------------------
[debug] 
[debug] [2021-06-12T14:58:09.230Z] >>> [apiv2][query] GET https://firebase-public.firebaseio.com/cli.json [none]
[debug] [2021-06-12T14:58:09.272Z] > command requires scopes: ["email","openid","https://www.googleapis.com/auth/cloudplatformprojects.readonly","https://www.googleapis.com/auth/firebase","https://www.googleapis.com/auth/cloud-platform"]
[debug] [2021-06-12T14:58:09.272Z] > authorizing via signed-in user (baassiri.ghina@gmail.com)
[info] 
     ######## #### ########  ######## ########     ###     ######  ########
     ##        ##  ##     ## ##       ##     ##  ##   ##  ##       ##
     ######    ##  ########  ######   ########  #########  ######  ######
     ##        ##  ##    ##  ##       ##     ## ##     ##       ## ##
     ##       #### ##     ## ######## ########  ##     ##  ######  ########

You're about to initialize a Firebase project in this directory:

  C:\Users\USER\Documents\Full Stack Web Developer-SEF\SEF-2021\Final Project\FPRepo\Git\client-frontend

[debug] [2021-06-12T14:58:10.129Z] <<< [apiv2][status] GET https://firebase-public.firebaseio.com/cli.json 200
[debug] [2021-06-12T14:58:10.130Z] <<< [apiv2][body] GET https://firebase-public.firebaseio.com/cli.json {"cloudBuildErrorAfter":1594252800000,"cloudBuildWarnAfter":1590019200000,"defaultNode10After":1594252800000,"minVersion":"3.0.5","node8DeploysDisabledAfter":1613390400000,"node8RuntimeDisabledAfter":1615809600000,"node8WarnAfter":1600128000000}
